[2024-07-18T22:55:59.544+0400] {manager.py:470} INFO - Processing files using up to 1 processes at a time 
[2024-07-18T22:55:59.555+0400] {manager.py:471} INFO - Process each file at most once every 30 seconds
[2024-07-18T22:55:59.562+0400] {manager.py:472} INFO - Checking for new files in /mnt/c/Users/Administrator/Desktop/RS/airflow/dags every 300 seconds
[2024-07-18T22:55:59.567+0400] {manager.py:737} INFO - Searching for files in /mnt/c/Users/Administrator/Desktop/RS/airflow/dags
[2024-07-18T22:56:00.801+0400] {manager.py:740} INFO - There are 52 files in /mnt/c/Users/Administrator/Desktop/RS/airflow/dags
[2024-07-18T22:56:01.433+0400] {manager.py:878} INFO - 
================================================================================
DAG File Processing Stats

File Path                                                                                                                                                 PID    Runtime      # DAGs    # Errors  Last Runtime    Last Run
--------------------------------------------------------------------------------------------------------------------------------------------------------  -----  ---------  --------  ----------  --------------  -------------------
/mnt/c/Users/Administrator/Desktop/RS/.venv/lib/python3.10/site-packages/airflow/example_dags/subdags/subdag.py                                                                    0           0  0.20s           2024-07-18T18:56:01
/mnt/c/Users/Administrator/Desktop/RS/airflow/dags/clean_dag.py                                                                                                                    0           0
/mnt/c/Users/Administrator/Desktop/RS/.venv/lib/python3.10/site-packages/airflow/example_dags/example_bash_decorator.py                                                            0           0
/mnt/c/Users/Administrator/Desktop/RS/.venv/lib/python3.10/site-packages/airflow/example_dags/example_bash_operator.py                                                             0           0
/mnt/c/Users/Administrator/Desktop/RS/.venv/lib/python3.10/site-packages/airflow/example_dags/example_branch_datetime_operator.py                                                  0           0
/mnt/c/Users/Administrator/Desktop/RS/.venv/lib/python3.10/site-packages/airflow/example_dags/example_branch_day_of_week_operator.py                                               0           0
/mnt/c/Users/Administrator/Desktop/RS/.venv/lib/python3.10/site-packages/airflow/example_dags/example_branch_labels.py                                                             0           0
/mnt/c/Users/Administrator/Desktop/RS/.venv/lib/python3.10/site-packages/airflow/example_dags/example_branch_operator.py                                                           0           0
/mnt/c/Users/Administrator/Desktop/RS/.venv/lib/python3.10/site-packages/airflow/example_dags/example_branch_operator_decorator.py                                                 0           0
/mnt/c/Users/Administrator/Desktop/RS/.venv/lib/python3.10/site-packages/airflow/example_dags/example_branch_python_dop_operator_3.py                                              0           0
/mnt/c/Users/Administrator/Desktop/RS/.venv/lib/python3.10/site-packages/airflow/example_dags/example_complex.py                                                                   0           0
/mnt/c/Users/Administrator/Desktop/RS/.venv/lib/python3.10/site-packages/airflow/example_dags/example_dag_decorator.py                                                             0           0
/mnt/c/Users/Administrator/Desktop/RS/.venv/lib/python3.10/site-packages/airflow/example_dags/example_datasets.py                                                                  0           0
/mnt/c/Users/Administrator/Desktop/RS/.venv/lib/python3.10/site-packages/airflow/example_dags/example_display_name.py                                                              0           0
/mnt/c/Users/Administrator/Desktop/RS/.venv/lib/python3.10/site-packages/airflow/example_dags/example_dynamic_task_mapping.py                                                      0           0
/mnt/c/Users/Administrator/Desktop/RS/.venv/lib/python3.10/site-packages/airflow/example_dags/example_dynamic_task_mapping_with_no_taskflow_operators.py                           0           0
/mnt/c/Users/Administrator/Desktop/RS/.venv/lib/python3.10/site-packages/airflow/example_dags/example_external_task_marker_dag.py                                                  0           0
/mnt/c/Users/Administrator/Desktop/RS/.venv/lib/python3.10/site-packages/airflow/example_dags/example_kubernetes_executor.py                                                       0           0
/mnt/c/Users/Administrator/Desktop/RS/.venv/lib/python3.10/site-packages/airflow/example_dags/example_latest_only.py                                                               0           0
/mnt/c/Users/Administrator/Desktop/RS/.venv/lib/python3.10/site-packages/airflow/example_dags/example_latest_only_with_trigger.py                                                  0           0
/mnt/c/Users/Administrator/Desktop/RS/.venv/lib/python3.10/site-packages/airflow/example_dags/example_local_kubernetes_executor.py                                                 0           0
/mnt/c/Users/Administrator/Desktop/RS/.venv/lib/python3.10/site-packages/airflow/example_dags/example_nested_branch_dag.py                                                         0           0
/mnt/c/Users/Administrator/Desktop/RS/.venv/lib/python3.10/site-packages/airflow/example_dags/example_params_trigger_ui.py                                                         0           0
/mnt/c/Users/Administrator/Desktop/RS/.venv/lib/python3.10/site-packages/airflow/example_dags/example_params_ui_tutorial.py                                                        0           0
/mnt/c/Users/Administrator/Desktop/RS/.venv/lib/python3.10/site-packages/airflow/example_dags/example_passing_params_via_test_command.py                                           0           0
/mnt/c/Users/Administrator/Desktop/RS/.venv/lib/python3.10/site-packages/airflow/example_dags/example_python_decorator.py                                                          0           0
/mnt/c/Users/Administrator/Desktop/RS/.venv/lib/python3.10/site-packages/airflow/example_dags/example_python_operator.py                                                           0           0
/mnt/c/Users/Administrator/Desktop/RS/.venv/lib/python3.10/site-packages/airflow/example_dags/example_sensors.py                                                                   0           0
/mnt/c/Users/Administrator/Desktop/RS/.venv/lib/python3.10/site-packages/airflow/example_dags/example_sensor_decorator.py                                                          0           0
/mnt/c/Users/Administrator/Desktop/RS/.venv/lib/python3.10/site-packages/airflow/example_dags/example_setup_teardown.py                                                            0           0
/mnt/c/Users/Administrator/Desktop/RS/.venv/lib/python3.10/site-packages/airflow/example_dags/example_setup_teardown_taskflow.py                                                   0           0
/mnt/c/Users/Administrator/Desktop/RS/.venv/lib/python3.10/site-packages/airflow/example_dags/example_short_circuit_decorator.py                                                   0           0
/mnt/c/Users/Administrator/Desktop/RS/.venv/lib/python3.10/site-packages/airflow/example_dags/example_short_circuit_operator.py                                                    0           0
/mnt/c/Users/Administrator/Desktop/RS/.venv/lib/python3.10/site-packages/airflow/example_dags/example_skip_dag.py                                                                  0           0
/mnt/c/Users/Administrator/Desktop/RS/.venv/lib/python3.10/site-packages/airflow/example_dags/example_sla_dag.py                                                                   0           0
/mnt/c/Users/Administrator/Desktop/RS/.venv/lib/python3.10/site-packages/airflow/example_dags/example_subdag_operator.py                                                           0           0
/mnt/c/Users/Administrator/Desktop/RS/.venv/lib/python3.10/site-packages/airflow/example_dags/example_task_group.py                                                                0           0
/mnt/c/Users/Administrator/Desktop/RS/.venv/lib/python3.10/site-packages/airflow/example_dags/example_task_group_decorator.py                                                      0           0
/mnt/c/Users/Administrator/Desktop/RS/.venv/lib/python3.10/site-packages/airflow/example_dags/example_time_delta_sensor_async.py                                                   0           0
/mnt/c/Users/Administrator/Desktop/RS/.venv/lib/python3.10/site-packages/airflow/example_dags/example_trigger_controller_dag.py                                                    0           0
/mnt/c/Users/Administrator/Desktop/RS/.venv/lib/python3.10/site-packages/airflow/example_dags/example_trigger_target_dag.py                                                        0           0
/mnt/c/Users/Administrator/Desktop/RS/.venv/lib/python3.10/site-packages/airflow/example_dags/example_xcom.py                                                                      0           0
/mnt/c/Users/Administrator/Desktop/RS/.venv/lib/python3.10/site-packages/airflow/example_dags/example_xcomargs.py                                                                  0           0
/mnt/c/Users/Administrator/Desktop/RS/.venv/lib/python3.10/site-packages/airflow/example_dags/tutorial.py                                                                          0           0
/mnt/c/Users/Administrator/Desktop/RS/.venv/lib/python3.10/site-packages/airflow/example_dags/tutorial_dag.py                                                                      0           0
/mnt/c/Users/Administrator/Desktop/RS/.venv/lib/python3.10/site-packages/airflow/example_dags/tutorial_objectstorage.py                                                            0           0
/mnt/c/Users/Administrator/Desktop/RS/.venv/lib/python3.10/site-packages/airflow/example_dags/tutorial_taskflow_api.py                                                             0           0
/mnt/c/Users/Administrator/Desktop/RS/.venv/lib/python3.10/site-packages/airflow/example_dags/tutorial_taskflow_api_virtualenv.py                                                  0           0
/mnt/c/Users/Administrator/Desktop/RS/.venv/lib/python3.10/site-packages/airflow/example_dags/plugins/decreasing_priority_weight_strategy.py                                       0           0
/mnt/c/Users/Administrator/Desktop/RS/.venv/lib/python3.10/site-packages/airflow/example_dags/plugins/event_listener.py                                                            0           0
/mnt/c/Users/Administrator/Desktop/RS/.venv/lib/python3.10/site-packages/airflow/example_dags/plugins/listener_plugin.py                                                           0           0
/mnt/c/Users/Administrator/Desktop/RS/.venv/lib/python3.10/site-packages/airflow/example_dags/plugins/workday.py                                                                   0           0
================================================================================
[2024-07-18T22:56:31.676+0400] {manager.py:878} INFO - 
================================================================================
DAG File Processing Stats

File Path                                                                                                                                                 PID    Runtime      # DAGs    # Errors  Last Runtime    Last Run
--------------------------------------------------------------------------------------------------------------------------------------------------------  -----  ---------  --------  ----------  --------------  -------------------
/mnt/c/Users/Administrator/Desktop/RS/.venv/lib/python3.10/site-packages/airflow/example_dags/plugins/workday.py                                                                   0           0  5.82s           2024-07-18T18:56:08
/mnt/c/Users/Administrator/Desktop/RS/.venv/lib/python3.10/site-packages/airflow/example_dags/tutorial_taskflow_api.py                                                             1           0  2.01s           2024-07-18T18:56:18
/mnt/c/Users/Administrator/Desktop/RS/.venv/lib/python3.10/site-packages/airflow/example_dags/example_xcomargs.py                                                                  2           0  2.01s           2024-07-18T18:56:31
/mnt/c/Users/Administrator/Desktop/RS/.venv/lib/python3.10/site-packages/airflow/example_dags/tutorial.py                                                                          1           0  1.91s           2024-07-18T18:56:28
/mnt/c/Users/Administrator/Desktop/RS/.venv/lib/python3.10/site-packages/airflow/example_dags/tutorial_taskflow_api_virtualenv.py                                                  1           0  1.91s           2024-07-18T18:56:15
/mnt/c/Users/Administrator/Desktop/RS/.venv/lib/python3.10/site-packages/airflow/example_dags/tutorial_objectstorage.py                                                            1           0  1.91s           2024-07-18T18:56:22
/mnt/c/Users/Administrator/Desktop/RS/.venv/lib/python3.10/site-packages/airflow/example_dags/tutorial_dag.py                                                                      1           0  1.81s           2024-07-18T18:56:25
/mnt/c/Users/Administrator/Desktop/RS/.venv/lib/python3.10/site-packages/airflow/example_dags/plugins/decreasing_priority_weight_strategy.py                                       0           0  0.20s           2024-07-18T18:56:12
/mnt/c/Users/Administrator/Desktop/RS/.venv/lib/python3.10/site-packages/airflow/example_dags/subdags/subdag.py                                                                    0           0  0.20s           2024-07-18T18:56:01
/mnt/c/Users/Administrator/Desktop/RS/.venv/lib/python3.10/site-packages/airflow/example_dags/plugins/event_listener.py                                                            0           0  0.20s           2024-07-18T18:56:10
/mnt/c/Users/Administrator/Desktop/RS/.venv/lib/python3.10/site-packages/airflow/example_dags/plugins/listener_plugin.py                                                           0           0  0.20s           2024-07-18T18:56:09
/mnt/c/Users/Administrator/Desktop/RS/airflow/dags/clean_dag.py                                                                                                                    0           0
/mnt/c/Users/Administrator/Desktop/RS/.venv/lib/python3.10/site-packages/airflow/example_dags/example_bash_decorator.py                                                            0           0
/mnt/c/Users/Administrator/Desktop/RS/.venv/lib/python3.10/site-packages/airflow/example_dags/example_bash_operator.py                                                             0           0
/mnt/c/Users/Administrator/Desktop/RS/.venv/lib/python3.10/site-packages/airflow/example_dags/example_branch_datetime_operator.py                                                  0           0
/mnt/c/Users/Administrator/Desktop/RS/.venv/lib/python3.10/site-packages/airflow/example_dags/example_branch_day_of_week_operator.py                                               0           0
/mnt/c/Users/Administrator/Desktop/RS/.venv/lib/python3.10/site-packages/airflow/example_dags/example_branch_labels.py                                                             0           0
/mnt/c/Users/Administrator/Desktop/RS/.venv/lib/python3.10/site-packages/airflow/example_dags/example_branch_operator.py                                                           0           0
/mnt/c/Users/Administrator/Desktop/RS/.venv/lib/python3.10/site-packages/airflow/example_dags/example_branch_operator_decorator.py                                                 0           0
/mnt/c/Users/Administrator/Desktop/RS/.venv/lib/python3.10/site-packages/airflow/example_dags/example_branch_python_dop_operator_3.py                                              0           0
/mnt/c/Users/Administrator/Desktop/RS/.venv/lib/python3.10/site-packages/airflow/example_dags/example_complex.py                                                                   0           0
/mnt/c/Users/Administrator/Desktop/RS/.venv/lib/python3.10/site-packages/airflow/example_dags/example_dag_decorator.py                                                             0           0
/mnt/c/Users/Administrator/Desktop/RS/.venv/lib/python3.10/site-packages/airflow/example_dags/example_datasets.py                                                                  0           0
/mnt/c/Users/Administrator/Desktop/RS/.venv/lib/python3.10/site-packages/airflow/example_dags/example_display_name.py                                                              0           0
/mnt/c/Users/Administrator/Desktop/RS/.venv/lib/python3.10/site-packages/airflow/example_dags/example_dynamic_task_mapping.py                                                      0           0
/mnt/c/Users/Administrator/Desktop/RS/.venv/lib/python3.10/site-packages/airflow/example_dags/example_dynamic_task_mapping_with_no_taskflow_operators.py                           0           0
/mnt/c/Users/Administrator/Desktop/RS/.venv/lib/python3.10/site-packages/airflow/example_dags/example_external_task_marker_dag.py                                                  0           0
/mnt/c/Users/Administrator/Desktop/RS/.venv/lib/python3.10/site-packages/airflow/example_dags/example_kubernetes_executor.py                                                       0           0
/mnt/c/Users/Administrator/Desktop/RS/.venv/lib/python3.10/site-packages/airflow/example_dags/example_latest_only.py                                                               0           0
/mnt/c/Users/Administrator/Desktop/RS/.venv/lib/python3.10/site-packages/airflow/example_dags/example_latest_only_with_trigger.py                                                  0           0
/mnt/c/Users/Administrator/Desktop/RS/.venv/lib/python3.10/site-packages/airflow/example_dags/example_local_kubernetes_executor.py                                                 0           0
/mnt/c/Users/Administrator/Desktop/RS/.venv/lib/python3.10/site-packages/airflow/example_dags/example_nested_branch_dag.py                                                         0           0
/mnt/c/Users/Administrator/Desktop/RS/.venv/lib/python3.10/site-packages/airflow/example_dags/example_params_trigger_ui.py                                                         0           0
/mnt/c/Users/Administrator/Desktop/RS/.venv/lib/python3.10/site-packages/airflow/example_dags/example_params_ui_tutorial.py                                                        0           0
/mnt/c/Users/Administrator/Desktop/RS/.venv/lib/python3.10/site-packages/airflow/example_dags/example_passing_params_via_test_command.py                                           0           0
/mnt/c/Users/Administrator/Desktop/RS/.venv/lib/python3.10/site-packages/airflow/example_dags/example_python_decorator.py                                                          0           0
/mnt/c/Users/Administrator/Desktop/RS/.venv/lib/python3.10/site-packages/airflow/example_dags/example_python_operator.py                                                           0           0
/mnt/c/Users/Administrator/Desktop/RS/.venv/lib/python3.10/site-packages/airflow/example_dags/example_sensors.py                                                                   0           0
/mnt/c/Users/Administrator/Desktop/RS/.venv/lib/python3.10/site-packages/airflow/example_dags/example_sensor_decorator.py                                                          0           0
/mnt/c/Users/Administrator/Desktop/RS/.venv/lib/python3.10/site-packages/airflow/example_dags/example_setup_teardown.py                                                            0           0
/mnt/c/Users/Administrator/Desktop/RS/.venv/lib/python3.10/site-packages/airflow/example_dags/example_setup_teardown_taskflow.py                                                   0           0
/mnt/c/Users/Administrator/Desktop/RS/.venv/lib/python3.10/site-packages/airflow/example_dags/example_short_circuit_decorator.py                                                   0           0
/mnt/c/Users/Administrator/Desktop/RS/.venv/lib/python3.10/site-packages/airflow/example_dags/example_short_circuit_operator.py                                                    0           0
/mnt/c/Users/Administrator/Desktop/RS/.venv/lib/python3.10/site-packages/airflow/example_dags/example_skip_dag.py                                                                  0           0
/mnt/c/Users/Administrator/Desktop/RS/.venv/lib/python3.10/site-packages/airflow/example_dags/example_sla_dag.py                                                                   0           0
/mnt/c/Users/Administrator/Desktop/RS/.venv/lib/python3.10/site-packages/airflow/example_dags/example_subdag_operator.py                                                           0           0
/mnt/c/Users/Administrator/Desktop/RS/.venv/lib/python3.10/site-packages/airflow/example_dags/example_task_group.py                                                                0           0
/mnt/c/Users/Administrator/Desktop/RS/.venv/lib/python3.10/site-packages/airflow/example_dags/example_task_group_decorator.py                                                      0           0
/mnt/c/Users/Administrator/Desktop/RS/.venv/lib/python3.10/site-packages/airflow/example_dags/example_time_delta_sensor_async.py                                                   0           0
/mnt/c/Users/Administrator/Desktop/RS/.venv/lib/python3.10/site-packages/airflow/example_dags/example_trigger_controller_dag.py                                                    0           0
/mnt/c/Users/Administrator/Desktop/RS/.venv/lib/python3.10/site-packages/airflow/example_dags/example_trigger_target_dag.py                                                        0           0
/mnt/c/Users/Administrator/Desktop/RS/.venv/lib/python3.10/site-packages/airflow/example_dags/example_xcom.py                                                                      0           0
================================================================================
[2024-07-18T22:56:32.027+0400] {manager.py:452} INFO - Exiting gracefully upon receiving signal 15
[2024-07-18T22:56:36.770+0400] {manager.py:452} INFO - Exiting gracefully upon receiving signal 15
